[18-Apr-2019 02:23:51] NOTICE: fpm is running, pid 300
[18-Apr-2019 02:23:51] NOTICE: ready to handle connections
[18-Apr-2019 02:46:52] WARNING: [pool www] server reached pm.max_children setting (5), consider raising it
[18-Apr-2019 02:47:53] WARNING: [pool www] server reached pm.max_children setting (5), consider raising it
[18-Apr-2019 02:48:06] WARNING: [pool www] server reached pm.max_children setting (5), consider raising it
[18-Apr-2019 02:48:21] WARNING: [pool www] server reached pm.max_children setting (5), consider raising it
[18-Apr-2019 02:48:53] WARNING: [pool www] server reached pm.max_children setting (5), consider raising it
[18-Apr-2019 12:34:31] WARNING: [pool www] server reached pm.max_children setting (5), consider raising it
[18-Apr-2019 12:51:00] NOTICE: Terminating ...
[18-Apr-2019 12:51:00] NOTICE: exiting, bye-bye!
[18-Apr-2019 12:51:18] NOTICE: fpm is running, pid 290
[18-Apr-2019 12:51:18] NOTICE: ready to handle connections
[19-Apr-2019 04:05:28] WARNING: [pool www] server reached pm.max_children setting (5), consider raising it
[19-Apr-2019 04:05:56] WARNING: [pool www] server reached pm.max_children setting (5), consider raising it
[19-Apr-2019 04:07:26] WARNING: [pool www] server reached pm.max_children setting (5), consider raising it
[19-Apr-2019 04:07:57] WARNING: [pool www] server reached pm.max_children setting (5), consider raising it
[19-Apr-2019 04:11:59] WARNING: [pool www] server reached pm.max_children setting (5), consider raising it
[19-Apr-2019 04:13:01] WARNING: [pool www] server reached pm.max_children setting (5), consider raising it
[19-Apr-2019 04:13:41] WARNING: [pool www] server reached pm.max_children setting (5), consider raising it
[19-Apr-2019 04:15:27] WARNING: [pool www] server reached pm.max_children setting (5), consider raising it
[19-Apr-2019 04:16:18] WARNING: [pool www] server reached pm.max_children setting (5), consider raising it
[19-Apr-2019 04:16:45] WARNING: [pool www] server reached pm.max_children setting (5), consider raising it
[19-Apr-2019 04:18:17] WARNING: [pool www] server reached pm.max_children setting (5), consider raising it
[19-Apr-2019 04:19:46] WARNING: [pool www] server reached pm.max_children setting (5), consider raising it
[19-Apr-2019 04:20:34] WARNING: [pool www] server reached pm.max_children setting (5), consider raising it
[19-Apr-2019 04:24:42] WARNING: [pool www] server reached pm.max_children setting (5), consider raising it
[19-Apr-2019 04:24:58] WARNING: [pool www] server reached pm.max_children setting (5), consider raising it
[19-Apr-2019 04:29:52] WARNING: [pool www] server reached pm.max_children setting (5), consider raising it
[19-Apr-2019 04:31:24] WARNING: [pool www] server reached pm.max_children setting (5), consider raising it
[19-Apr-2019 04:31:48] WARNING: [pool www] server reached pm.max_children setting (5), consider raising it
[19-Apr-2019 04:32:52] WARNING: [pool www] server reached pm.max_children setting (5), consider raising it
[19-Apr-2019 16:10:56] NOTICE: fpm is running, pid 291
[19-Apr-2019 16:10:56] NOTICE: ready to handle connections
[28-Apr-2019 00:32:53] WARNING: [pool www] server reached pm.max_children setting (5), consider raising it
[29-Apr-2019 00:52:52] WARNING: [pool www] server reached pm.max_children setting (5), consider raising it
[29-Apr-2019 00:53:04] WARNING: [pool www] server reached pm.max_children setting (5), consider raising it
[01-May-2019 22:23:14] NOTICE: Terminating ...
[01-May-2019 22:23:14] NOTICE: exiting, bye-bye!
[01-May-2019 22:24:18] NOTICE: fpm is running, pid 287
[01-May-2019 22:24:18] NOTICE: ready to handle connections
[01-May-2019 22:24:24] NOTICE: Terminating ...
[01-May-2019 22:24:24] NOTICE: exiting, bye-bye!
[01-May-2019 22:24:35] NOTICE: fpm is running, pid 287
[01-May-2019 22:24:35] NOTICE: ready to handle connections
[01-May-2019 22:32:34] WARNING: [pool www] server reached pm.max_children setting (5), consider raising it
[01-May-2019 22:33:01] WARNING: [pool www] server reached pm.max_children setting (5), consider raising it
[01-May-2019 22:34:22] WARNING: [pool www] server reached pm.max_children setting (5), consider raising it
[01-May-2019 22:39:35] WARNING: [pool www] server reached pm.max_children setting (5), consider raising it
[01-May-2019 22:39:48] WARNING: [pool www] server reached pm.max_children setting (5), consider raising it
[01-May-2019 23:42:27] WARNING: [pool www] server reached pm.max_children setting (5), consider raising it
[01-May-2019 23:56:45] WARNING: [pool www] server reached pm.max_children setting (5), consider raising it
[02-May-2019 00:48:37] WARNING: [pool www] server reached pm.max_children setting (5), consider raising it
[02-May-2019 00:50:12] WARNING: [pool www] server reached pm.max_children setting (5), consider raising it
[06-May-2019 20:42:07] NOTICE: fpm is running, pid 290
[06-May-2019 20:42:07] NOTICE: ready to handle connections
